c:\users\kiran\desktop\school\second year\s2\programming 4\universal\minigin\minigin\x64\debug\minigin.pch
c:\users\kiran\desktop\school\second year\s2\programming 4\universal\minigin\x64\debug\minigin.pdb
c:\users\kiran\desktop\school\second year\s2\programming 4\universal\minigin\x64\debug\minigin.idb
c:\users\kiran\desktop\school\second year\s2\programming 4\universal\minigin\minigin\x64\debug\miniginpch.obj
c:\users\kiran\desktop\school\second year\s2\programming 4\universal\minigin\minigin\x64\debug\imgui_widgets.obj
c:\users\kiran\desktop\school\second year\s2\programming 4\universal\minigin\minigin\x64\debug\imgui_tables.obj
c:\users\kiran\desktop\school\second year\s2\programming 4\universal\minigin\minigin\x64\debug\imgui_draw.obj
c:\users\kiran\desktop\school\second year\s2\programming 4\universal\minigin\minigin\x64\debug\imgui_demo.obj
c:\users\kiran\desktop\school\second year\s2\programming 4\universal\minigin\minigin\x64\debug\imgui.obj
c:\users\kiran\desktop\school\second year\s2\programming 4\universal\minigin\minigin\x64\debug\imgui_impl_sdl.obj
c:\users\kiran\desktop\school\second year\s2\programming 4\universal\minigin\minigin\x64\debug\imgui_impl_opengl2.obj
c:\users\kiran\desktop\school\second year\s2\programming 4\universal\minigin\minigin\x64\debug\transform.obj
c:\users\kiran\desktop\school\second year\s2\programming 4\universal\minigin\minigin\x64\debug\timecomponent.obj
c:\users\kiran\desktop\school\second year\s2\programming 4\universal\minigin\minigin\x64\debug\texture2d.obj
c:\users\kiran\desktop\school\second year\s2\programming 4\universal\minigin\minigin\x64\debug\textrendercomponent.obj
c:\users\kiran\desktop\school\second year\s2\programming 4\universal\minigin\minigin\x64\debug\textobject.obj
c:\users\kiran\desktop\school\second year\s2\programming 4\universal\minigin\minigin\x64\debug\subjectcomponent.obj
c:\users\kiran\desktop\school\second year\s2\programming 4\universal\minigin\minigin\x64\debug\scenemanager.obj
c:\users\kiran\desktop\school\second year\s2\programming 4\universal\minigin\minigin\x64\debug\scene.obj
c:\users\kiran\desktop\school\second year\s2\programming 4\universal\minigin\minigin\x64\debug\resourcemanager.obj
c:\users\kiran\desktop\school\second year\s2\programming 4\universal\minigin\minigin\x64\debug\renderer.obj
c:\users\kiran\desktop\school\second year\s2\programming 4\universal\minigin\minigin\x64\debug\rendercomponent.obj
c:\users\kiran\desktop\school\second year\s2\programming 4\universal\minigin\minigin\x64\debug\observer.obj
c:\users\kiran\desktop\school\second year\s2\programming 4\universal\minigin\minigin\x64\debug\minigin.obj
c:\users\kiran\desktop\school\second year\s2\programming 4\universal\minigin\minigin\x64\debug\main.obj
c:\users\kiran\desktop\school\second year\s2\programming 4\universal\minigin\minigin\x64\debug\inputmanager.obj
c:\users\kiran\desktop\school\second year\s2\programming 4\universal\minigin\minigin\x64\debug\gridcomponent.obj
c:\users\kiran\desktop\school\second year\s2\programming 4\universal\minigin\minigin\x64\debug\gameobject.obj
c:\users\kiran\desktop\school\second year\s2\programming 4\universal\minigin\minigin\x64\debug\font.obj
c:\users\kiran\desktop\school\second year\s2\programming 4\universal\minigin\minigin\x64\debug\basecomponent.obj
c:\users\kiran\desktop\school\second year\s2\programming 4\universal\minigin\minigin\x64\debug\command.obj
c:\users\kiran\desktop\school\second year\s2\programming 4\universal\minigin\x64\debug\minigin.lib
c:\users\kiran\desktop\school\second year\s2\programming 4\universal\minigin\minigin\x64\debug\minigin.tlog\cl.command.1.tlog
c:\users\kiran\desktop\school\second year\s2\programming 4\universal\minigin\minigin\x64\debug\minigin.tlog\cl.read.1.tlog
c:\users\kiran\desktop\school\second year\s2\programming 4\universal\minigin\minigin\x64\debug\minigin.tlog\cl.write.1.tlog
c:\users\kiran\desktop\school\second year\s2\programming 4\universal\minigin\minigin\x64\debug\minigin.tlog\lib-link.read.1.tlog
c:\users\kiran\desktop\school\second year\s2\programming 4\universal\minigin\minigin\x64\debug\minigin.tlog\lib-link.write.1.tlog
c:\users\kiran\desktop\school\second year\s2\programming 4\universal\minigin\minigin\x64\debug\minigin.tlog\lib.command.1.tlog
