  Application.cpp
  Game.vcxproj -> C:\Users\kiran\Desktop\School\Second Year\S2\Programming 4\Universal\Minigin\x64\Debug\Game.exe
  C:\Users\kiran\Desktop\School\Second Year\S2\Programming 4\Universal\Minigin\3rdParty\SDL2\lib\x64\SDL2.dll
  1 File(s) copied
  C:\Users\kiran\Desktop\School\Second Year\S2\Programming 4\Universal\Minigin\3rdParty\SDL2_image\lib\x64\libjpeg-9.dll
  C:\Users\kiran\Desktop\School\Second Year\S2\Programming 4\Universal\Minigin\3rdParty\SDL2_image\lib\x64\libpng16-16.dll
  C:\Users\kiran\Desktop\School\Second Year\S2\Programming 4\Universal\Minigin\3rdParty\SDL2_image\lib\x64\libtiff-5.dll
  C:\Users\kiran\Desktop\School\Second Year\S2\Programming 4\Universal\Minigin\3rdParty\SDL2_image\lib\x64\libwebp-7.dll
  C:\Users\kiran\Desktop\School\Second Year\S2\Programming 4\Universal\Minigin\3rdParty\SDL2_image\lib\x64\SDL2_image.dll
  C:\Users\kiran\Desktop\School\Second Year\S2\Programming 4\Universal\Minigin\3rdParty\SDL2_image\lib\x64\zlib1.dll
  6 File(s) copied
  C:\Users\kiran\Desktop\School\Second Year\S2\Programming 4\Universal\Minigin\3rdParty\SDL2_ttf\lib\x64\libfreetype-6.dll
  C:\Users\kiran\Desktop\School\Second Year\S2\Programming 4\Universal\Minigin\3rdParty\SDL2_ttf\lib\x64\SDL2_ttf.dll
  2 File(s) copied
  C:\Users\kiran\Desktop\School\Second Year\S2\Programming 4\Universal\Minigin\Data\background.jpg
  C:\Users\kiran\Desktop\School\Second Year\S2\Programming 4\Universal\Minigin\Data\CubeBase.png
  C:\Users\kiran\Desktop\School\Second Year\S2\Programming 4\Universal\Minigin\Data\CubeJumped.png
  C:\Users\kiran\Desktop\School\Second Year\S2\Programming 4\Universal\Minigin\Data\Lingua.otf
  C:\Users\kiran\Desktop\School\Second Year\S2\Programming 4\Universal\Minigin\Data\logo.png
  C:\Users\kiran\Desktop\School\Second Year\S2\Programming 4\Universal\Minigin\Data\QBert.png
  6 File(s) copied
